2026-07-11 23:28:15 | INFO | ML | === RUN START ===
2026-07-11 23:28:15 | INFO | ML | project=ML
2026-07-11 23:28:15 | INFO | ML | repo_dir=ml-03-classification
2026-07-11 23:28:15 | INFO | ML | python=3.14.2
2026-07-11 23:28:15 | INFO | ML | os=Windows 11
2026-07-11 23:28:15 | INFO | ML | shell=powershell
2026-07-11 23:28:15 | INFO | ML | cwd=.
2026-07-11 23:28:15 | INFO | ML | github_actions=False
2026-07-11 23:28:15 | INFO | ML | === RUN START ===
2026-07-11 23:28:15 | INFO | ML | project=ML
2026-07-11 23:28:15 | INFO | ML | repo_dir=ml-03-classification
2026-07-11 23:28:15 | INFO | ML | python=3.14.2
2026-07-11 23:28:15 | INFO | ML | os=Windows 11
2026-07-11 23:28:15 | INFO | ML | shell=powershell
2026-07-11 23:28:15 | INFO | ML | cwd=.
2026-07-11 23:28:15 | INFO | ML | github_actions=False
2026-07-11 23:28:15 | INFO | ML | ========================
2026-07-11 23:28:15 | INFO | ML | START main()
2026-07-11 23:28:15 | INFO | ML | ========================
2026-07-11 23:28:15 | INFO | ML | Load dataset..............
2026-07-11 23:28:15 | INFO | ML | Loading dataset: hours_scores_case
2026-07-11 23:28:15 | INFO | ML | Loaded: 10 rows, 6 columns
2026-07-11 23:28:15 | DEBUG | ML | 
   hours_studied  practice_quizzes  attendance_pct  sleep_hours  prior_score  score
0            2.0                 1              72          6.0           58     62
1            3.5                 2              80          6.5           61     68
2            4.0                 3              85          7.0           64     72
3            5.0                 3              88          7.5           66     76
4            6.0                 4              90          7.0           70     81
2026-07-11 23:28:15 | INFO | ML | Inspect dataset...........
2026-07-11 23:28:15 | INFO | ML | Column names
2026-07-11 23:28:15 | DEBUG | ML | ['hours_studied', 'practice_quizzes', 'attendance_pct', 'sleep_hours', 'prior_score', 'score']
2026-07-11 23:28:15 | INFO | ML | DataFrame info
2026-07-11 23:28:15 | INFO | ML | Dataset shape: 10 rows, 6 columns
2026-07-11 23:28:15 | INFO | ML | Check data quality........
2026-07-11 23:28:15 | INFO | ML | Missing values by column
2026-07-11 23:28:15 | DEBUG | ML | 
hours_studied       0
practice_quizzes    0
attendance_pct      0
sleep_hours         0
prior_score         0
score               0
dtype: int64
2026-07-11 23:28:15 | INFO | ML | Duplicate row count: 0
2026-07-11 23:28:15 | INFO | ML | Create clean view.........
2026-07-11 23:28:15 | INFO | ML | Creating clean modeling view
2026-07-11 23:28:15 | INFO | ML | Clean view: 10 rows, 6 columns
2026-07-11 23:28:15 | INFO | ML | Train supervised model....
2026-07-11 23:28:15 | INFO | ML | Training LinearRegression model
2026-07-11 23:28:15 | INFO | ML | Mean absolute error: 0.48
2026-07-11 23:28:15 | INFO | ML | R-squared: 1.00
2026-07-11 23:28:15 | INFO | ML | Predict one case..........
2026-07-11 23:28:15 | INFO | ML | Predicting one new case
2026-07-11 23:28:15 | INFO | ML | New case:
   hours_studied  practice_quizzes  attendance_pct  sleep_hours  prior_score
0            6.5                 4              92          7.0           72
2026-07-11 23:28:15 | INFO | ML | Predicted score: 83.4
2026-07-11 23:28:15 | INFO | ML | Create charts.............
2026-07-11 23:28:15 | INFO | ML | Creating chart: hours studied vs score
2026-07-11 23:28:16 | INFO | ML | Creating chart: model coefficients
2026-07-11 23:28:16 | INFO | ML | Got a figure Figure(900x500) and axes Axes(0.125,0.11;0.775x0.77) from plt.subplots().
2026-07-11 23:28:16 | INFO | ML | Summarize workflow........
2026-07-11 23:28:16 | INFO | ML | ========================
2026-07-11 23:28:16 | INFO | ML | SUMMARY
2026-07-11 23:28:16 | INFO | ML | ========================
2026-07-11 23:28:16 | INFO | ML | Dataset: hours_scores_case
2026-07-11 23:28:16 | INFO | ML | Original rows: 10
2026-07-11 23:28:16 | INFO | ML | Clean rows: 10
2026-07-11 23:28:16 | INFO | ML | Features: ['hours_studied', 'practice_quizzes', 'attendance_pct', 'sleep_hours', 'prior_score']
2026-07-11 23:28:16 | INFO | ML | Target: score
2026-07-11 23:28:16 | INFO | ML | ----- in a script, call plt.show() once at the end to display all charts -----
2026-07-11 23:28:16 | INFO | ML | ----- in a script, CLOSE the chart windows with the close button to CONTINUE -----
2026-07-11 23:30:22 | INFO | ML | Workflow complete
2026-07-11 23:30:22 | INFO | ML | IMPORTANT: This script creates chart windows.
2026-07-11 23:30:22 | INFO | ML | Close chart windows and terminate this process with CTRL+c as needed.
2026-07-11 23:30:22 | INFO | ML | ========================
2026-07-11 23:30:22 | INFO | ML | Executed successfully!
2026-07-11 23:30:22 | INFO | ML | ========================
2026-07-11 23:33:50 | INFO | M03 | === RUN START ===
2026-07-11 23:33:50 | INFO | M03 | project=M03
2026-07-11 23:33:50 | INFO | M03 | repo_dir=ml-03-classification
2026-07-11 23:33:50 | INFO | M03 | python=3.14.2
2026-07-11 23:33:50 | INFO | M03 | os=Windows 11
2026-07-11 23:33:50 | INFO | M03 | shell=powershell
2026-07-11 23:33:50 | INFO | M03 | cwd=notebooks
2026-07-11 23:33:50 | INFO | M03 | github_actions=False
2026-07-11 23:33:50 | INFO | M03 | Confirming installation:
2026-07-11 23:33:50 | INFO | M03 |   python:       3.14.2
2026-07-11 23:33:50 | INFO | M03 |   pandas:       3.0.3
2026-07-11 23:33:50 | INFO | M03 |   numpy:        2.5.1
2026-07-11 23:33:50 | INFO | M03 |   scikit-learn: 1.9.0
2026-07-11 23:33:50 | INFO | M03 |   seaborn:      0.13.2
2026-07-11 23:33:50 | INFO | M03 |   matplotlib:   3.11.0
2026-07-11 23:33:50 | INFO | M03 | Loading dataset: penguins
2026-07-11 23:33:50 | INFO | M03 | Loaded: 344 rows (instances), 7 columns
2026-07-11 23:33:50 | INFO | M03 | Original rows: 344
2026-07-11 23:33:50 | INFO | M03 | Model rows:    342
2026-07-11 23:33:50 | INFO | M03 | Classes in target 'species': ['Adelie', 'Chinstrap', 'Gentoo']
2026-07-11 23:33:50 | DEBUG | M03 | Class counts:
species
Adelie       151
Gentoo       123
Chinstrap     68
Name: count, dtype: int64
2026-07-11 23:33:51 | INFO | M03 | Train instances: 273
2026-07-11 23:33:51 | INFO | M03 | Test instances: 69
2026-07-11 23:33:51 | INFO | M03 | Fitting DecisionTreeClassifier(max_depth=3)
2026-07-11 23:33:51 | INFO | M03 | Test accuracy: 0.986
2026-07-11 23:33:51 | INFO | M03 | Per-class precision / recall / F1:
2026-07-11 23:33:51 | DEBUG | M03 | 
              precision    recall  f1-score   support

      Adelie       0.97      1.00      0.98        30
   Chinstrap       1.00      0.93      0.96        14
      Gentoo       1.00      1.00      1.00        25

    accuracy                           0.99        69
   macro avg       0.99      0.98      0.98        69
weighted avg       0.99      0.99      0.99        69

2026-07-11 23:33:51 | INFO | M03 | Showing confusion matrix (rows = actual, cols = predicted)
2026-07-11 23:33:51 | DEBUG | M03 |   depth= 1  train=0.791  test=0.797
2026-07-11 23:33:51 | DEBUG | M03 |   depth= 2  train=0.960  test=0.986
2026-07-11 23:33:51 | DEBUG | M03 |   depth= 3  train=0.967  test=0.986
2026-07-11 23:33:51 | DEBUG | M03 |   depth= 4  train=0.989  test=1.000
2026-07-11 23:33:51 | DEBUG | M03 |   depth= 5  train=0.996  test=1.000
2026-07-11 23:33:51 | DEBUG | M03 |   depth= 6  train=0.996  test=1.000
2026-07-11 23:33:51 | DEBUG | M03 |   depth= 7  train=1.000  test=1.000
2026-07-11 23:33:51 | DEBUG | M03 |   depth= 8  train=1.000  test=1.000
2026-07-11 23:33:51 | DEBUG | M03 |   depth= 9  train=1.000  test=1.000
2026-07-11 23:33:51 | DEBUG | M03 |   depth=10  train=1.000  test=1.000
2026-07-11 23:33:51 | DEBUG | M03 |   depth=11  train=1.000  test=1.000
2026-07-11 23:33:51 | DEBUG | M03 |   depth=12  train=1.000  test=1.000
2026-07-11 23:33:51 | INFO | M03 | ========================
2026-07-11 23:33:51 | INFO | M03 | SUMMARY
2026-07-11 23:33:51 | INFO | M03 | ========================
2026-07-11 23:33:51 | INFO | M03 | Dataset:   penguins
2026-07-11 23:33:51 | INFO | M03 | Target:    species  (classification)
2026-07-11 23:33:51 | INFO | M03 | Features:  ['bill_length_mm', 'bill_depth_mm', 'flipper_length_mm', 'body_mass_g']
2026-07-11 23:33:51 | INFO | M03 | Model:     DecisionTreeClassifier(max_depth=3)
2026-07-11 23:33:52 | INFO | M03 | ========================
2026-07-15 23:32:20 | INFO | M03 | === RUN START ===
2026-07-15 23:32:20 | INFO | M03 | project=M03
2026-07-15 23:32:20 | INFO | M03 | repo_dir=ml-03-classification
2026-07-15 23:32:20 | INFO | M03 | python=3.14.2
2026-07-15 23:32:20 | INFO | M03 | os=Windows 11
2026-07-15 23:32:20 | INFO | M03 | shell=powershell
2026-07-15 23:32:20 | INFO | M03 | cwd=notebooks
2026-07-15 23:32:20 | INFO | M03 | github_actions=False
2026-07-15 23:32:20 | INFO | M03 | Confirming installation:
2026-07-15 23:32:20 | INFO | M03 |   python:       3.14.2
2026-07-15 23:32:20 | INFO | M03 |   pandas:       3.0.3
2026-07-15 23:32:20 | INFO | M03 |   numpy:        2.5.1
2026-07-15 23:32:20 | INFO | M03 |   scikit-learn: 1.9.0
2026-07-15 23:32:20 | INFO | M03 |   seaborn:      0.13.2
2026-07-15 23:32:20 | INFO | M03 |   matplotlib:   3.11.0
2026-07-15 23:32:20 | INFO | M03 | Loading dataset: penguin_neighborhood.csv
2026-07-15 23:33:31 | INFO | M03 | === RUN START ===
2026-07-15 23:33:31 | INFO | M03 | project=M03
2026-07-15 23:33:31 | INFO | M03 | repo_dir=ml-03-classification
2026-07-15 23:33:31 | INFO | M03 | python=3.14.2
2026-07-15 23:33:31 | INFO | M03 | os=Windows 11
2026-07-15 23:33:31 | INFO | M03 | shell=powershell
2026-07-15 23:33:31 | INFO | M03 | cwd=notebooks
2026-07-15 23:33:31 | INFO | M03 | github_actions=False
2026-07-15 23:33:31 | INFO | M03 | Confirming installation:
2026-07-15 23:33:31 | INFO | M03 |   python:       3.14.2
2026-07-15 23:33:31 | INFO | M03 |   pandas:       3.0.3
2026-07-15 23:33:31 | INFO | M03 |   numpy:        2.5.1
2026-07-15 23:33:31 | INFO | M03 |   scikit-learn: 1.9.0
2026-07-15 23:33:31 | INFO | M03 |   seaborn:      0.13.2
2026-07-15 23:33:31 | INFO | M03 |   matplotlib:   3.11.0
2026-07-15 23:33:31 | INFO | M03 | Loading dataset: penguin_neighborhood.csv
2026-07-15 23:34:09 | INFO | M03 | === RUN START ===
2026-07-15 23:34:09 | INFO | M03 | project=M03
2026-07-15 23:34:09 | INFO | M03 | repo_dir=ml-03-classification
2026-07-15 23:34:09 | INFO | M03 | python=3.14.2
2026-07-15 23:34:09 | INFO | M03 | os=Windows 11
2026-07-15 23:34:09 | INFO | M03 | shell=powershell
2026-07-15 23:34:09 | INFO | M03 | cwd=notebooks
2026-07-15 23:34:09 | INFO | M03 | github_actions=False
2026-07-15 23:34:09 | INFO | M03 | Confirming installation:
2026-07-15 23:34:09 | INFO | M03 |   python:       3.14.2
2026-07-15 23:34:09 | INFO | M03 |   pandas:       3.0.3
2026-07-15 23:34:09 | INFO | M03 |   numpy:        2.5.1
2026-07-15 23:34:09 | INFO | M03 |   scikit-learn: 1.9.0
2026-07-15 23:34:09 | INFO | M03 |   seaborn:      0.13.2
2026-07-15 23:34:09 | INFO | M03 |   matplotlib:   3.11.0
2026-07-15 23:34:09 | INFO | M03 | Loading dataset: penguin_neighborhood.csv
2026-07-15 23:39:18 | INFO | M03 | === RUN START ===
2026-07-15 23:39:18 | INFO | M03 | project=M03
2026-07-15 23:39:18 | INFO | M03 | repo_dir=ml-03-classification
2026-07-15 23:39:18 | INFO | M03 | python=3.14.2
2026-07-15 23:39:18 | INFO | M03 | os=Windows 11
2026-07-15 23:39:18 | INFO | M03 | shell=powershell
2026-07-15 23:39:18 | INFO | M03 | cwd=notebooks
2026-07-15 23:39:18 | INFO | M03 | github_actions=False
2026-07-15 23:39:18 | INFO | M03 | Confirming installation:
2026-07-15 23:39:18 | INFO | M03 |   python:       3.14.2
2026-07-15 23:39:18 | INFO | M03 |   pandas:       3.0.3
2026-07-15 23:39:18 | INFO | M03 |   numpy:        2.5.1
2026-07-15 23:39:18 | INFO | M03 |   scikit-learn: 1.9.0
2026-07-15 23:39:18 | INFO | M03 |   seaborn:      0.13.2
2026-07-15 23:39:18 | INFO | M03 |   matplotlib:   3.11.0
2026-07-15 23:39:18 | INFO | M03 | Loading dataset: penguin_neighborhood.csv
2026-07-15 23:42:45 | INFO | M03 | === RUN START ===
2026-07-15 23:42:45 | INFO | M03 | project=M03
2026-07-15 23:42:45 | INFO | M03 | repo_dir=ml-03-classification
2026-07-15 23:42:45 | INFO | M03 | python=3.14.2
2026-07-15 23:42:45 | INFO | M03 | os=Windows 11
2026-07-15 23:42:45 | INFO | M03 | shell=powershell
2026-07-15 23:42:45 | INFO | M03 | cwd=notebooks
2026-07-15 23:42:45 | INFO | M03 | github_actions=False
2026-07-15 23:42:45 | INFO | M03 | Confirming installation:
2026-07-15 23:42:45 | INFO | M03 |   python:       3.14.2
2026-07-15 23:42:45 | INFO | M03 |   pandas:       3.0.3
2026-07-15 23:42:45 | INFO | M03 |   numpy:        2.5.1
2026-07-15 23:42:45 | INFO | M03 |   scikit-learn: 1.9.0
2026-07-15 23:42:45 | INFO | M03 |   seaborn:      0.13.2
2026-07-15 23:42:45 | INFO | M03 |   matplotlib:   3.11.0
2026-07-15 23:42:45 | INFO | M03 | Loading dataset: data/raw/penguin_neighborhood.csv
2026-07-15 23:44:58 | INFO | M03 | === RUN START ===
2026-07-15 23:44:58 | INFO | M03 | project=M03
2026-07-15 23:44:58 | INFO | M03 | repo_dir=ml-03-classification
2026-07-15 23:44:58 | INFO | M03 | python=3.14.2
2026-07-15 23:44:58 | INFO | M03 | os=Windows 11
2026-07-15 23:44:58 | INFO | M03 | shell=powershell
2026-07-15 23:44:58 | INFO | M03 | cwd=notebooks
2026-07-15 23:44:58 | INFO | M03 | github_actions=False
2026-07-15 23:44:58 | INFO | M03 | Confirming installation:
2026-07-15 23:44:58 | INFO | M03 |   python:       3.14.2
2026-07-15 23:44:58 | INFO | M03 |   pandas:       3.0.3
2026-07-15 23:44:58 | INFO | M03 |   numpy:        2.5.1
2026-07-15 23:44:58 | INFO | M03 |   scikit-learn: 1.9.0
2026-07-15 23:44:58 | INFO | M03 |   seaborn:      0.13.2
2026-07-15 23:44:58 | INFO | M03 |   matplotlib:   3.11.0
2026-07-15 23:48:59 | INFO | M03 | === RUN START ===
2026-07-15 23:48:59 | INFO | M03 | project=M03
2026-07-15 23:48:59 | INFO | M03 | repo_dir=ml-03-classification
2026-07-15 23:48:59 | INFO | M03 | python=3.14.2
2026-07-15 23:48:59 | INFO | M03 | os=Windows 11
2026-07-15 23:48:59 | INFO | M03 | shell=powershell
2026-07-15 23:48:59 | INFO | M03 | cwd=notebooks
2026-07-15 23:48:59 | INFO | M03 | github_actions=False
2026-07-15 23:48:59 | INFO | M03 | Confirming installation:
2026-07-15 23:48:59 | INFO | M03 |   python:       3.14.2
2026-07-15 23:48:59 | INFO | M03 |   pandas:       3.0.3
2026-07-15 23:48:59 | INFO | M03 |   numpy:        2.5.1
2026-07-15 23:48:59 | INFO | M03 |   scikit-learn: 1.9.0
2026-07-15 23:48:59 | INFO | M03 |   seaborn:      0.13.2
2026-07-15 23:48:59 | INFO | M03 |   matplotlib:   3.11.0
2026-07-15 23:55:05 | INFO | M03 | === RUN START ===
2026-07-15 23:55:05 | INFO | M03 | project=M03
2026-07-15 23:55:05 | INFO | M03 | repo_dir=ml-03-classification
2026-07-15 23:55:05 | INFO | M03 | python=3.14.2
2026-07-15 23:55:05 | INFO | M03 | os=Windows 11
2026-07-15 23:55:05 | INFO | M03 | shell=powershell
2026-07-15 23:55:05 | INFO | M03 | cwd=notebooks
2026-07-15 23:55:05 | INFO | M03 | github_actions=False
2026-07-15 23:55:05 | INFO | M03 | Confirming installation:
2026-07-15 23:55:05 | INFO | M03 |   python:       3.14.2
2026-07-15 23:55:05 | INFO | M03 |   pandas:       3.0.3
2026-07-15 23:55:05 | INFO | M03 |   numpy:        2.5.1
2026-07-15 23:55:05 | INFO | M03 |   scikit-learn: 1.9.0
2026-07-15 23:55:05 | INFO | M03 |   seaborn:      0.13.2
2026-07-15 23:55:05 | INFO | M03 |   matplotlib:   3.11.0
2026-07-16 00:00:59 | INFO | M03 | === RUN START ===
2026-07-16 00:00:59 | INFO | M03 | project=M03
2026-07-16 00:00:59 | INFO | M03 | repo_dir=ml-03-classification
2026-07-16 00:00:59 | INFO | M03 | python=3.14.2
2026-07-16 00:00:59 | INFO | M03 | os=Windows 11
2026-07-16 00:00:59 | INFO | M03 | shell=powershell
2026-07-16 00:00:59 | INFO | M03 | cwd=notebooks
2026-07-16 00:00:59 | INFO | M03 | github_actions=False
2026-07-16 00:00:59 | INFO | M03 | Confirming installation:
2026-07-16 00:00:59 | INFO | M03 |   python:       3.14.2
2026-07-16 00:00:59 | INFO | M03 |   pandas:       3.0.3
2026-07-16 00:00:59 | INFO | M03 |   numpy:        2.5.1
2026-07-16 00:00:59 | INFO | M03 |   scikit-learn: 1.9.0
2026-07-16 00:00:59 | INFO | M03 |   seaborn:      0.13.2
2026-07-16 00:00:59 | INFO | M03 |   matplotlib:   3.11.0
2026-07-16 00:00:59 | INFO | M03 | Loading dataset: C:\Repos\Machine Learning\ml-03-classification\data\raw\penguin_neighborhood.csv
2026-07-16 00:02:53 | INFO | M03 | === RUN START ===
2026-07-16 00:02:53 | INFO | M03 | project=M03
2026-07-16 00:02:53 | INFO | M03 | repo_dir=ml-03-classification
2026-07-16 00:02:53 | INFO | M03 | python=3.14.2
2026-07-16 00:02:53 | INFO | M03 | os=Windows 11
2026-07-16 00:02:53 | INFO | M03 | shell=powershell
2026-07-16 00:02:53 | INFO | M03 | cwd=notebooks
2026-07-16 00:02:53 | INFO | M03 | github_actions=False
2026-07-16 00:02:53 | INFO | M03 | Confirming installation:
2026-07-16 00:02:53 | INFO | M03 |   python:       3.14.2
2026-07-16 00:02:53 | INFO | M03 |   pandas:       3.0.3
2026-07-16 00:02:53 | INFO | M03 |   numpy:        2.5.1
2026-07-16 00:02:53 | INFO | M03 |   scikit-learn: 1.9.0
2026-07-16 00:02:53 | INFO | M03 |   seaborn:      0.13.2
2026-07-16 00:02:53 | INFO | M03 |   matplotlib:   3.11.0
2026-07-16 00:02:53 | INFO | M03 | Loading dataset: C:\Repos\Machine Learning\ml-03-classification\data\raw\penguin_neighborhood.csv
2026-07-16 00:03:08 | INFO | M03 | === RUN START ===
2026-07-16 00:03:08 | INFO | M03 | project=M03
2026-07-16 00:03:08 | INFO | M03 | repo_dir=ml-03-classification
2026-07-16 00:03:08 | INFO | M03 | python=3.14.2
2026-07-16 00:03:08 | INFO | M03 | os=Windows 11
2026-07-16 00:03:08 | INFO | M03 | shell=powershell
2026-07-16 00:03:08 | INFO | M03 | cwd=notebooks
2026-07-16 00:03:08 | INFO | M03 | github_actions=False
2026-07-16 00:03:08 | INFO | M03 | Confirming installation:
2026-07-16 00:03:08 | INFO | M03 |   python:       3.14.2
2026-07-16 00:03:08 | INFO | M03 |   pandas:       3.0.3
2026-07-16 00:03:08 | INFO | M03 |   numpy:        2.5.1
2026-07-16 00:03:08 | INFO | M03 |   scikit-learn: 1.9.0
2026-07-16 00:03:08 | INFO | M03 |   seaborn:      0.13.2
2026-07-16 00:03:08 | INFO | M03 |   matplotlib:   3.11.0
2026-07-16 00:03:08 | INFO | M03 | Loading dataset: C:\Repos\Machine Learning\ml-03-classification\data\raw\penguin_neighborhood.csv
2026-07-16 00:05:24 | INFO | M03 | === RUN START ===
2026-07-16 00:05:24 | INFO | M03 | project=M03
2026-07-16 00:05:24 | INFO | M03 | repo_dir=ml-03-classification
2026-07-16 00:05:24 | INFO | M03 | python=3.14.2
2026-07-16 00:05:24 | INFO | M03 | os=Windows 11
2026-07-16 00:05:24 | INFO | M03 | shell=powershell
2026-07-16 00:05:24 | INFO | M03 | cwd=notebooks
2026-07-16 00:05:24 | INFO | M03 | github_actions=False
2026-07-16 00:05:24 | INFO | M03 | Confirming installation:
2026-07-16 00:05:24 | INFO | M03 |   python:       3.14.2
2026-07-16 00:05:24 | INFO | M03 |   pandas:       3.0.3
2026-07-16 00:05:24 | INFO | M03 |   numpy:        2.5.1
2026-07-16 00:05:24 | INFO | M03 |   scikit-learn: 1.9.0
2026-07-16 00:05:24 | INFO | M03 |   seaborn:      0.13.2
2026-07-16 00:05:24 | INFO | M03 |   matplotlib:   3.11.0
2026-07-16 00:05:24 | INFO | M03 | Loading dataset: C:\Repos\Machine Learning\ml-03-classification\data\raw\penguin_neighbor.csv
2026-07-16 00:05:24 | INFO | M03 | Loaded: 7 rows (instances), 5 columns
2026-07-16 00:05:24 | INFO | M03 | Original rows: 7
2026-07-16 00:05:24 | INFO | M03 | Model rows:    7
2026-07-16 00:05:24 | INFO | M03 | Classes in target 'neighborhood': ['East', 'North', 'South']
2026-07-16 00:05:24 | DEBUG | M03 | Class counts:
neighborhood
North    3
South    2
East     2
Name: count, dtype: int64
2026-07-16 00:26:10 | INFO | M03 | === RUN START ===
2026-07-16 00:26:10 | INFO | M03 | project=M03
2026-07-16 00:26:10 | INFO | M03 | repo_dir=ml-03-classification
2026-07-16 00:26:10 | INFO | M03 | python=3.14.2
2026-07-16 00:26:10 | INFO | M03 | os=Windows 11
2026-07-16 00:26:10 | INFO | M03 | shell=powershell
2026-07-16 00:26:10 | INFO | M03 | cwd=notebooks
2026-07-16 00:26:10 | INFO | M03 | github_actions=False
2026-07-16 00:26:10 | INFO | M03 | Confirming installation:
2026-07-16 00:26:10 | INFO | M03 |   python:       3.14.2
2026-07-16 00:26:10 | INFO | M03 |   pandas:       3.0.3
2026-07-16 00:26:10 | INFO | M03 |   numpy:        2.5.1
2026-07-16 00:26:10 | INFO | M03 |   scikit-learn: 1.9.0
2026-07-16 00:26:10 | INFO | M03 |   seaborn:      0.13.2
2026-07-16 00:26:10 | INFO | M03 |   matplotlib:   3.11.0
2026-07-16 00:26:10 | INFO | M03 | Loading dataset: C:\Repos\Machine Learning\ml-03-classification\data\raw\penguin_neighbor.csv
2026-07-16 00:26:10 | INFO | M03 | Loaded: 8 rows (instances), 5 columns
2026-07-16 00:26:10 | INFO | M03 | Original rows: 8
2026-07-16 00:26:10 | INFO | M03 | Model rows:    8
2026-07-16 00:26:10 | INFO | M03 | Classes in target 'neighborhood': [np.int8(0), np.int8(1), np.int8(2)]
2026-07-16 00:26:10 | DEBUG | M03 | Class counts:
neighborhood
1    3
0    3
2    2
Name: count, dtype: int64
2026-07-16 00:29:37 | INFO | M03 | === RUN START ===
2026-07-16 00:29:37 | INFO | M03 | project=M03
2026-07-16 00:29:37 | INFO | M03 | repo_dir=ml-03-classification
2026-07-16 00:29:37 | INFO | M03 | python=3.14.2
2026-07-16 00:29:37 | INFO | M03 | os=Windows 11
2026-07-16 00:29:37 | INFO | M03 | shell=powershell
2026-07-16 00:29:37 | INFO | M03 | cwd=notebooks
2026-07-16 00:29:37 | INFO | M03 | github_actions=False
2026-07-16 00:29:37 | INFO | M03 | Confirming installation:
2026-07-16 00:29:37 | INFO | M03 |   python:       3.14.2
2026-07-16 00:29:37 | INFO | M03 |   pandas:       3.0.3
2026-07-16 00:29:37 | INFO | M03 |   numpy:        2.5.1
2026-07-16 00:29:37 | INFO | M03 |   scikit-learn: 1.9.0
2026-07-16 00:29:37 | INFO | M03 |   seaborn:      0.13.2
2026-07-16 00:29:37 | INFO | M03 |   matplotlib:   3.11.0
2026-07-16 00:29:37 | INFO | M03 | Loading dataset: C:\Repos\Machine Learning\ml-03-classification\data\raw\penguin_neighbor.csv
2026-07-16 00:29:37 | INFO | M03 | Loaded: 16 rows (instances), 5 columns
2026-07-16 00:29:37 | INFO | M03 | Original rows: 16
2026-07-16 00:29:37 | INFO | M03 | Model rows:    16
2026-07-16 00:29:37 | INFO | M03 | Classes in target 'neighborhood': [np.int8(0), np.int8(1), np.int8(2)]
2026-07-16 00:29:37 | DEBUG | M03 | Class counts:
neighborhood
1    6
0    6
2    4
Name: count, dtype: int64
2026-07-16 00:29:37 | INFO | M03 | Train instances: 12
2026-07-16 00:29:37 | INFO | M03 | Test instances: 4
2026-07-16 00:29:37 | INFO | M03 | Fitting DecisionTreeClassifier(max_depth=3)
2026-07-16 00:29:37 | INFO | M03 | Test accuracy: 1.000
2026-07-16 00:29:37 | INFO | M03 | Per-class precision / recall / F1:
2026-07-16 00:29:37 | DEBUG | M03 | 
              precision    recall  f1-score   support

           0       1.00      1.00      1.00         2
           1       1.00      1.00      1.00         1
           2       1.00      1.00      1.00         1

    accuracy                           1.00         4
   macro avg       1.00      1.00      1.00         4
weighted avg       1.00      1.00      1.00         4

2026-07-16 00:29:37 | INFO | M03 | Showing confusion matrix (rows = actual, cols = predicted)
2026-07-16 00:29:37 | DEBUG | M03 |   depth= 1  train=0.750  test=0.750
2026-07-16 00:29:37 | DEBUG | M03 |   depth= 2  train=1.000  test=1.000
2026-07-16 00:29:37 | DEBUG | M03 |   depth= 3  train=1.000  test=1.000
2026-07-16 00:29:37 | DEBUG | M03 |   depth= 4  train=1.000  test=1.000
2026-07-16 00:29:37 | DEBUG | M03 |   depth= 5  train=1.000  test=1.000
2026-07-16 00:29:37 | DEBUG | M03 |   depth= 6  train=1.000  test=1.000
2026-07-16 00:29:37 | DEBUG | M03 |   depth= 7  train=1.000  test=1.000
2026-07-16 00:29:37 | DEBUG | M03 |   depth= 8  train=1.000  test=1.000
2026-07-16 00:29:37 | DEBUG | M03 |   depth= 9  train=1.000  test=1.000
2026-07-16 00:29:37 | DEBUG | M03 |   depth=10  train=1.000  test=1.000
2026-07-16 00:29:37 | DEBUG | M03 |   depth=11  train=1.000  test=1.000
2026-07-16 00:29:37 | DEBUG | M03 |   depth=12  train=1.000  test=1.000
2026-07-16 00:29:37 | INFO | M03 | ========================
2026-07-16 00:29:37 | INFO | M03 | SUMMARY
2026-07-16 00:29:37 | INFO | M03 | ========================
2026-07-16 00:29:37 | INFO | M03 | Dataset:   C:\Repos\Machine Learning\ml-03-classification\data\raw\penguin_neighbor.csv
2026-07-16 00:29:37 | INFO | M03 | Target:    neighborhood  (classification)
2026-07-16 00:29:37 | INFO | M03 | Features:  ['bill_length_mm', 'bill_depth_mm', 'species', 'island']
2026-07-16 00:29:37 | INFO | M03 | Model:     DecisionTreeClassifier(max_depth=3)
2026-07-16 00:29:37 | INFO | M03 | ========================
